<?xml version="1.0" encoding="UTF-8"?>
<!-- Generated by org.testng.reporters.JUnitXMLReporter -->
<testsuite ignored="6" hostname="DESKTOP-BE44JJP" failures="1" tests="1" name="Default test" time="203.808" errors="0" timestamp="2024-05-15T16:13:22 IST">
  <testcase classname="org.nibejpi.pro.app.testcases.TagsSupportTest" name="testAddTagsForSystem" time="146.328">
    <failure type="org.openqa.selenium.NoSuchSessionException" message="A session is either terminated or not started
Build info: version: &amp;apos;4.20.0&amp;apos;, revision: &amp;apos;866c76ca80&amp;apos;
System info: os.name: &amp;apos;Windows 11&amp;apos;, os.arch: &amp;apos;amd64&amp;apos;, os.version: &amp;apos;10.0&amp;apos;, java.version: &amp;apos;11.0.18&amp;apos;
Driver info: io.appium.java_client.android.AndroidDriver
Command: [9d02addb-a7de-4df4-960e-705d123f0f56, findElement {value=//android.widget.TextView[@text=&amp;quot;my-test-device&amp;quot;], using=xpath}]
Capabilities {appium:app: D:\jpi-nibe-pro-app-ui-auto..., appium:appActivity: com.myuplink.pro.representa..., appium:appPackage: com.myuplink.pro, appium:autoGrantPermissions: true, appium:automationName: uiautomator2, appium:databaseEnabled: false, appium:desired: {app: D:\jpi-nibe-pro-app-ui-auto..., appActivity: com.myuplink.pro.representa..., appPackage: com.myuplink.pro, autoGrantPermissions: true, automationName: uiautomator2, deviceName: moto g51 5G, platformName: ANDROID, systemPort: 8200, udid: ZD2223BPDB}, appium:deviceApiLevel: 31, appium:deviceManufacturer: motorola, appium:deviceModel: moto g51 5G, appium:deviceName: ZD2223BPDB, appium:deviceScreenDensity: 400, appium:deviceScreenSize: 1080x2460, appium:deviceUDID: ZD2223BPDB, appium:javascriptEnabled: true, appium:locationContextEnabled: false, appium:networkConnectionEnabled: true, appium:pixelRatio: 2.5, appium:platformVersion: 12, appium:statBarHeight: 115, appium:systemPort: 8200, appium:takesScreenshot: true, appium:udid: ZD2223BPDB, appium:viewportRect: {height: 2345, left: 0, top: 115, width: 1080}, appium:warnings: {}, appium:webStorageEnabled: false, platformName: ANDROID}
Session ID: 9d02addb-a7de-4df4-960e-705d123f0f56">
      <![CDATA[org.openqa.selenium.NoSuchSessionException: A session is either terminated or not started
Build info: version: '4.20.0', revision: '866c76ca80'
System info: os.name: 'Windows 11', os.arch: 'amd64', os.version: '10.0', java.version: '11.0.18'
Driver info: io.appium.java_client.android.AndroidDriver
Command: [9d02addb-a7de-4df4-960e-705d123f0f56, findElement {value=//android.widget.TextView[@text="my-test-device"], using=xpath}]
Capabilities {appium:app: D:\jpi-nibe-pro-app-ui-auto..., appium:appActivity: com.myuplink.pro.representa..., appium:appPackage: com.myuplink.pro, appium:autoGrantPermissions: true, appium:automationName: uiautomator2, appium:databaseEnabled: false, appium:desired: {app: D:\jpi-nibe-pro-app-ui-auto..., appActivity: com.myuplink.pro.representa..., appPackage: com.myuplink.pro, autoGrantPermissions: true, automationName: uiautomator2, deviceName: moto g51 5G, platformName: ANDROID, systemPort: 8200, udid: ZD2223BPDB}, appium:deviceApiLevel: 31, appium:deviceManufacturer: motorola, appium:deviceModel: moto g51 5G, appium:deviceName: ZD2223BPDB, appium:deviceScreenDensity: 400, appium:deviceScreenSize: 1080x2460, appium:deviceUDID: ZD2223BPDB, appium:javascriptEnabled: true, appium:locationContextEnabled: false, appium:networkConnectionEnabled: true, appium:pixelRatio: 2.5, appium:platformVersion: 12, appium:statBarHeight: 115, appium:systemPort: 8200, appium:takesScreenshot: true, appium:udid: ZD2223BPDB, appium:viewportRect: {height: 2345, left: 0, top: 115, width: 1080}, appium:warnings: {}, appium:webStorageEnabled: false, platformName: ANDROID}
Session ID: 9d02addb-a7de-4df4-960e-705d123f0f56
at java.base/jdk.internal.reflect.NativeConstructorAccessorImpl.newInstance0(Native Method)
at java.base/jdk.internal.reflect.NativeConstructorAccessorImpl.newInstance(NativeConstructorAccessorImpl.java:62)
at java.base/jdk.internal.reflect.DelegatingConstructorAccessorImpl.newInstance(DelegatingConstructorAccessorImpl.java:45)
at java.base/java.lang.reflect.Constructor.newInstance(Constructor.java:490)
at org.openqa.selenium.remote.ErrorCodec.decode(ErrorCodec.java:167)
at org.openqa.selenium.remote.codec.w3c.W3CHttpResponseCodec.decode(W3CHttpResponseCodec.java:138)
at org.openqa.selenium.remote.codec.w3c.W3CHttpResponseCodec.decode(W3CHttpResponseCodec.java:50)
at org.openqa.selenium.remote.HttpCommandExecutor.execute(HttpCommandExecutor.java:190)
at io.appium.java_client.remote.AppiumCommandExecutor.execute(AppiumCommandExecutor.java:237)
at org.openqa.selenium.remote.RemoteWebDriver.execute(RemoteWebDriver.java:518)
at org.openqa.selenium.remote.ElementLocation$ElementFinder$2.findElement(ElementLocation.java:165)
at org.openqa.selenium.remote.ElementLocation.findElement(ElementLocation.java:59)
at org.openqa.selenium.remote.RemoteWebDriver.findElement(RemoteWebDriver.java:355)
at org.openqa.selenium.remote.RemoteWebDriver.findElement(RemoteWebDriver.java:349)
at org.nibejpi.pro.app.auto.pages.dashboard.SystemsScreen.selectSystem(SystemsScreen.java:109)
at org.nibejpi.pro.app.testcases.TagsSupportTest.testAddTagsForSystem(TagsSupportTest.java:34)
at java.base/jdk.internal.reflect.NativeMethodAccessorImpl.invoke0(Native Method)
at java.base/jdk.internal.reflect.NativeMethodAccessorImpl.invoke(NativeMethodAccessorImpl.java:62)
at java.base/jdk.internal.reflect.DelegatingMethodAccessorImpl.invoke(DelegatingMethodAccessorImpl.java:43)
at java.base/java.lang.reflect.Method.invoke(Method.java:566)
at org.testng.internal.invokers.MethodInvocationHelper.invokeMethod(MethodInvocationHelper.java:139)
at org.testng.internal.invokers.TestInvoker.invokeMethod(TestInvoker.java:664)
at org.testng.internal.invokers.TestInvoker.invokeTestMethod(TestInvoker.java:228)
at org.testng.internal.invokers.MethodRunner.runInSequence(MethodRunner.java:63)
at org.testng.internal.invokers.TestInvoker$MethodInvocationAgent.invoke(TestInvoker.java:961)
at org.testng.internal.invokers.TestInvoker.invokeTestMethods(TestInvoker.java:201)
at org.testng.internal.invokers.TestMethodWorker.invokeTestMethods(TestMethodWorker.java:148)
at org.testng.internal.invokers.TestMethodWorker.run(TestMethodWorker.java:128)
at java.base/java.util.ArrayList.forEach(ArrayList.java:1541)
at org.testng.TestRunner.privateRun(TestRunner.java:819)
at org.testng.TestRunner.run(TestRunner.java:619)
at org.testng.SuiteRunner.runTest(SuiteRunner.java:443)
at org.testng.SuiteRunner.runSequentially(SuiteRunner.java:437)
at org.testng.SuiteRunner.privateRun(SuiteRunner.java:397)
at org.testng.SuiteRunner.run(SuiteRunner.java:336)
at org.testng.SuiteRunnerWorker.runSuite(SuiteRunnerWorker.java:52)
at org.testng.SuiteRunnerWorker.run(SuiteRunnerWorker.java:95)
at org.testng.TestNG.runSuitesSequentially(TestNG.java:1301)
at org.testng.TestNG.runSuitesLocally(TestNG.java:1228)
at org.testng.TestNG.runSuites(TestNG.java:1134)
at org.testng.TestNG.run(TestNG.java:1101)
at org.testng.remote.AbstractRemoteTestNG.run(AbstractRemoteTestNG.java:115)
at org.testng.remote.RemoteTestNG.initAndRun(RemoteTestNG.java:251)
at org.testng.remote.RemoteTestNG.main(RemoteTestNG.java:77)
]]>
    </failure>
  </testcase> <!-- testAddTagsForSystem -->
  <testcase classname="org.nibejpi.pro.app.testcases.TagsSupportTest" name="testNoDuplicateTagsCreated" time="0.0">
    <ignored/>
  </testcase> <!-- testNoDuplicateTagsCreated -->
  <testcase classname="org.nibejpi.pro.app.testcases.TagsSupportTest" name="testDeleteTagsForSystem" time="0.0">
    <ignored/>
  </testcase> <!-- testDeleteTagsForSystem -->
  <testcase classname="org.nibejpi.pro.app.testcases.TagsSupportTest" name="testCancelTagAddingProcess" time="0.0">
    <ignored/>
  </testcase> <!-- testCancelTagAddingProcess -->
  <testcase classname="org.nibejpi.pro.app.testcases.TagsSupportTest" name="testShowMoreLessButtonDisplay" time="0.0">
    <ignored/>
  </testcase> <!-- testShowMoreLessButtonDisplay -->
  <testcase classname="org.nibejpi.pro.app.testcases.TagsSupportTest" name="testTagMaxLengthLimit" time="0.0">
    <ignored/>
  </testcase> <!-- testTagMaxLengthLimit -->
  <testcase classname="org.nibejpi.pro.app.testcases.TagsSupportTest" name="testTagsNotVisibleInMapView" time="0.0">
    <ignored/>
  </testcase> <!-- testTagsNotVisibleInMapView -->
</testsuite> <!-- Default test -->
